<?xml version="1.0" encoding="UTF-8"?>
<testsuite name="com.studentapp.StudentRunner" time="1.399" tests="8" errors="0" skipped="0" failures="0">
  <properties>
    <property name="java.runtime.name" value="Java(TM) SE Runtime Environment"/>
    <property name="sun.boot.library.path" value="/usr/lib/jvm/java-8-oracle/jre/lib/amd64"/>
    <property name="java.vm.version" value="25.101-b13"/>
    <property name="java.vm.vendor" value="Oracle Corporation"/>
    <property name="maven.multiModuleProjectDirectory" value="/home/watchmaster/IdeaProjects/StudentAppCucumber"/>
    <property name="java.vendor.url" value="http://java.oracle.com/"/>
    <property name="path.separator" value=":"/>
    <property name="guice.disable.misplaced.annotation.check" value="true"/>
    <property name="java.vm.name" value="Java HotSpot(TM) 64-Bit Server VM"/>
    <property name="file.encoding.pkg" value="sun.io"/>
    <property name="user.country" value="DE"/>
    <property name="sun.java.launcher" value="SUN_STANDARD"/>
    <property name="sun.os.patch.level" value="unknown"/>
    <property name="java.vm.specification.name" value="Java Virtual Machine Specification"/>
    <property name="user.dir" value="/home/watchmaster/IdeaProjects/StudentAppCucumber"/>
    <property name="java.runtime.version" value="1.8.0_101-b13"/>
    <property name="java.awt.graphicsenv" value="sun.awt.X11GraphicsEnvironment"/>
    <property name="java.endorsed.dirs" value="/usr/lib/jvm/java-8-oracle/jre/lib/endorsed"/>
    <property name="os.arch" value="amd64"/>
    <property name="java.io.tmpdir" value="/tmp"/>
    <property name="line.separator" value="&#10;"/>
    <property name="java.vm.specification.vendor" value="Oracle Corporation"/>
    <property name="os.name" value="Linux"/>
    <property name="classworlds.conf" value="/usr/share/maven/bin/m2.conf"/>
    <property name="sun.jnu.encoding" value="UTF-8"/>
    <property name="java.library.path" value="/usr/java/packages/lib/amd64:/usr/lib64:/lib64:/lib:/usr/lib"/>
    <property name="java.specification.name" value="Java Platform API Specification"/>
    <property name="java.class.version" value="52.0"/>
    <property name="sun.management.compiler" value="HotSpot 64-Bit Tiered Compilers"/>
    <property name="os.version" value="4.4.0-34-generic"/>
    <property name="user.home" value="/home/watchmaster"/>
    <property name="user.timezone" value="Europe/Berlin"/>
    <property name="java.awt.printerjob" value="sun.print.PSPrinterJob"/>
    <property name="file.encoding" value="UTF-8"/>
    <property name="java.specification.version" value="1.8"/>
    <property name="user.name" value="watchmaster"/>
    <property name="java.class.path" value="/usr/share/maven/boot/plexus-classworlds-2.x.jar"/>
    <property name="java.vm.specification.version" value="1.8"/>
    <property name="sun.arch.data.model" value="64"/>
    <property name="java.home" value="/usr/lib/jvm/java-8-oracle/jre"/>
    <property name="sun.java.command" value="org.codehaus.plexus.classworlds.launcher.Launcher clean verify serenity:aggregate"/>
    <property name="java.specification.vendor" value="Oracle Corporation"/>
    <property name="user.language" value="de"/>
    <property name="awt.toolkit" value="sun.awt.X11.XToolkit"/>
    <property name="java.vm.info" value="mixed mode"/>
    <property name="java.version" value="1.8.0_101"/>
    <property name="java.ext.dirs" value="/usr/lib/jvm/java-8-oracle/jre/lib/ext:/usr/java/packages/lib/ext"/>
    <property name="securerandom.source" value="file:/dev/./urandom"/>
    <property name="sun.boot.class.path" value="/usr/lib/jvm/java-8-oracle/jre/lib/resources.jar:/usr/lib/jvm/java-8-oracle/jre/lib/rt.jar:/usr/lib/jvm/java-8-oracle/jre/lib/sunrsasign.jar:/usr/lib/jvm/java-8-oracle/jre/lib/jsse.jar:/usr/lib/jvm/java-8-oracle/jre/lib/jce.jar:/usr/lib/jvm/java-8-oracle/jre/lib/charsets.jar:/usr/lib/jvm/java-8-oracle/jre/lib/jfr.jar:/usr/lib/jvm/java-8-oracle/jre/classes"/>
    <property name="java.vendor" value="Oracle Corporation"/>
    <property name="maven.home" value="/usr/share/maven"/>
    <property name="file.separator" value="/"/>
    <property name="java.vendor.url.bug" value="http://bugreport.sun.com/bugreport/"/>
    <property name="sun.cpu.endian" value="little"/>
    <property name="sun.io.unicode.encoding" value="UnicodeLittle"/>
    <property name="sun.desktop" value="gnome"/>
    <property name="sun.cpu.isalist" value=""/>
  </properties>
  <testcase name="When User sends a GET request to the list endpoint,they must get back a valid status code 200" classname="Scenario: Check if the student application can be accessed by users" time="0.002"/>
  <testcase name="Scenario: Check if the student application can be accessed by users" classname="Scenario: Check if the student application can be accessed by users" time="1.191"/>
  <testcase name="When I create a new student by providing the information firstName Declan lastName Smith email nnon.ante.bibendum@risusDonecegestas.edu programme Computer Science courses Java" classname="| Declan | Smith | nnon.ante.bibendum@risusDonecegestas.edu | Computer Science | Java |" time="0.001"/>
  <testcase name="Then I verify that the student with nnon.ante.bibendum@risusDonecegestas.edu is created" classname="| Declan | Smith | nnon.ante.bibendum@risusDonecegestas.edu | Computer Science | Java |" time="0"/>
  <testcase name="| Declan | Smith | nnon.ante.bibendum@risusDonecegestas.edu | Computer Science | Java |" classname="| Declan | Smith | nnon.ante.bibendum@risusDonecegestas.edu | Computer Science | Java |" time="0.003"/>
  <testcase name="When I create a new student by providing the information firstName Mark lastName Taylor email nnon2.ante.bibendum@risusDonecegestas.edu programme Computer Science courses Java" classname="| Mark | Taylor | nnon2.ante.bibendum@risusDonecegestas.edu | Computer Science | Java |" time="0"/>
  <testcase name="Then I verify that the student with nnon2.ante.bibendum@risusDonecegestas.edu is created" classname="| Mark | Taylor | nnon2.ante.bibendum@risusDonecegestas.edu | Computer Science | Java |" time="0"/>
  <testcase name="| Mark | Taylor | nnon2.ante.bibendum@risusDonecegestas.edu | Computer Science | Java |" classname="| Mark | Taylor | nnon2.ante.bibendum@risusDonecegestas.edu | Computer Science | Java |" time="0.202"/>
</testsuite>